Compilación iniciada a las 19/12/2017 11:54:50.
     1>Proyecto "C:\Users\gabri\Documents\GitHub\TPVPractica2\HolaSDL\HolaSDL.vcxproj" en el nodo 2 (Build destinos).
     1>ClCompile:
         C:\Program Files (x86)\Microsoft Visual Studio 12.0\VC\bin\CL.exe /c /ZI /nologo /W3 /WX- /sdl /Od /Oy- /D _MBCS /Gm /EHsc /RTC1 /MDd /GS /fp:precise /Zc:wchar_t /Zc:forScope /Fo"Debug\\" /Fd"Debug\vc120.pdb" /Gd /TP /analyze- /errorReport:prompt SmartGhost.cpp
         SmartGhost.cpp
     1>c:\users\gabri\documents\github\tpvpractica2\holasdl\texture.h(5): warning C4067: símbolos (token) inesperados después de la directiva del preprocesador; se esperaba una nueva línea
     1>c:\users\gabri\documents\github\tpvpractica2\holasdl\gamemap.h(5): warning C4067: símbolos (token) inesperados después de la directiva del preprocesador; se esperaba una nueva línea
     1>c:\users\gabri\documents\github\tpvpractica2\holasdl\pacman.h(5): warning C4067: símbolos (token) inesperados después de la directiva del preprocesador; se esperaba una nueva línea
     1>c:\users\gabri\documents\github\tpvpractica2\holasdl\userinterface.h(6): warning C4067: símbolos (token) inesperados después de la directiva del preprocesador; se esperaba una nueva línea
     1>c:\users\gabri\documents\github\tpvpractica2\holasdl\game.h(14): warning C4067: símbolos (token) inesperados después de la directiva del preprocesador; se esperaba una nueva línea
       Link:
         C:\Program Files (x86)\Microsoft Visual Studio 12.0\VC\bin\link.exe /ERRORREPORT:PROMPT /OUT:"C:\Users\gabri\Documents\GitHub\TPVPractica2\bin\HolaSDLDebug.exe" /INCREMENTAL /NOLOGO SDL2.lib SDL2main.lib SDL2_image.lib SDL2_ttf.lib kernel32.lib user32.lib gdi32.lib winspool.lib comdlg32.lib advapi32.lib shell32.lib ole32.lib oleaut32.lib uuid.lib odbc32.lib odbccp32.lib /MANIFEST /MANIFESTUAC:"level='asInvoker' uiAccess='false'" /manifest:embed /DEBUG /PDB:"C:\Users\gabri\Documents\GitHub\TPVPractica2\bin\HolaSDLDebug.pdb" /SUBSYSTEM:CONSOLE /TLBID:1 /DYNAMICBASE /NXCOMPAT /IMPLIB:"C:\Users\gabri\Documents\GitHub\TPVPractica2\bin\HolaSDLDebug.lib" /MACHINE:X86 Debug\Game.obj
         Debug\GameCharacter.obj
         Debug\GameMap.obj
         Debug\GameObject.obj
         Debug\Ghost.obj
         Debug\main.obj
         Debug\Pacman.obj
         Debug\SmartGhost.obj
         Debug\Texture.obj
         Debug\UserInterface.obj
         HolaSDL.vcxproj -> C:\Users\gabri\Documents\GitHub\TPVPractica2\bin\HolaSDLDebug.exe
     1>Compilación del proyecto terminada "C:\Users\gabri\Documents\GitHub\TPVPractica2\HolaSDL\HolaSDL.vcxproj" (Build destinos).

Compilación correcta.

Tiempo transcurrido 00:00:01.70
